0 info it worked if it ends with ok
1 verbose cli [ '/usr/local/node0.10.35/bin/node',
1 verbose cli   '/usr/local/node/bin/npm',
1 verbose cli   'install',
1 verbose cli   '--save-dev',
1 verbose cli   'gulp-sourcestream' ]
2 info using npm@1.4.28
3 info using node@v0.10.35
4 warn package.json enyo-dev@0.0.0-1 No repository field.
5 warn package.json enyo-dev@0.0.0-1 No README data
6 verbose readDependencies using package.json deps
7 verbose cache add [ 'gulp-sourcestream', null ]
8 verbose cache add name=undefined spec="gulp-sourcestream" args=["gulp-sourcestream",null]
9 verbose parsed url { protocol: null,
9 verbose parsed url   slashes: null,
9 verbose parsed url   auth: null,
9 verbose parsed url   host: null,
9 verbose parsed url   port: null,
9 verbose parsed url   hostname: null,
9 verbose parsed url   hash: null,
9 verbose parsed url   search: null,
9 verbose parsed url   query: null,
9 verbose parsed url   pathname: 'gulp-sourcestream',
9 verbose parsed url   path: 'gulp-sourcestream',
9 verbose parsed url   href: 'gulp-sourcestream' }
10 silly lockFile d68a34ba-gulp-sourcestream gulp-sourcestream
11 verbose lock gulp-sourcestream /Users/cole/.npm/d68a34ba-gulp-sourcestream.lock
12 silly lockFile d68a34ba-gulp-sourcestream gulp-sourcestream
13 silly lockFile d68a34ba-gulp-sourcestream gulp-sourcestream
14 verbose addNamed [ 'gulp-sourcestream', '' ]
15 verbose addNamed [ null, '*' ]
16 silly lockFile fc5bdc5d-gulp-sourcestream gulp-sourcestream@
17 verbose lock gulp-sourcestream@ /Users/cole/.npm/fc5bdc5d-gulp-sourcestream.lock
18 silly addNameRange { name: 'gulp-sourcestream', range: '*', hasData: false }
19 verbose request where is /gulp-sourcestream
20 verbose request registry https://registry.npmjs.org/
21 verbose request id 26a581afa11a2e31
22 verbose url raw /gulp-sourcestream
23 verbose url resolving [ 'https://registry.npmjs.org/', './gulp-sourcestream' ]
24 verbose url resolved https://registry.npmjs.org/gulp-sourcestream
25 verbose request where is https://registry.npmjs.org/gulp-sourcestream
26 info trying registry request attempt 1 at 13:22:31
27 http GET https://registry.npmjs.org/gulp-sourcestream
28 http 404 https://registry.npmjs.org/gulp-sourcestream
29 verbose headers { date: 'Wed, 11 Mar 2015 20:22:32 GMT',
29 verbose headers   server: 'CouchDB/1.5.0 (Erlang OTP/R16B03)',
29 verbose headers   'content-type': 'application/json',
29 verbose headers   'cache-control': 'max-age=0',
29 verbose headers   'content-length': '52',
29 verbose headers   'accept-ranges': 'bytes',
29 verbose headers   via: '1.1 varnish',
29 verbose headers   age: '0',
29 verbose headers   'x-served-by': 'cache-atl6234-ATL',
29 verbose headers   'x-cache': 'MISS',
29 verbose headers   'x-cache-hits': '0',
29 verbose headers   'x-timer': 'S1426105352.088351,VS0,VE25',
29 verbose headers   'keep-alive': 'timeout=10, max=50',
29 verbose headers   connection: 'Keep-Alive' }
30 silly registry.get cb [ 404,
30 silly registry.get   { date: 'Wed, 11 Mar 2015 20:22:32 GMT',
30 silly registry.get     server: 'CouchDB/1.5.0 (Erlang OTP/R16B03)',
30 silly registry.get     'content-type': 'application/json',
30 silly registry.get     'cache-control': 'max-age=0',
30 silly registry.get     'content-length': '52',
30 silly registry.get     'accept-ranges': 'bytes',
30 silly registry.get     via: '1.1 varnish',
30 silly registry.get     age: '0',
30 silly registry.get     'x-served-by': 'cache-atl6234-ATL',
30 silly registry.get     'x-cache': 'MISS',
30 silly registry.get     'x-cache-hits': '0',
30 silly registry.get     'x-timer': 'S1426105352.088351,VS0,VE25',
30 silly registry.get     'keep-alive': 'timeout=10, max=50',
30 silly registry.get     connection: 'Keep-Alive' } ]
31 silly lockFile fc5bdc5d-gulp-sourcestream gulp-sourcestream@
32 silly lockFile fc5bdc5d-gulp-sourcestream gulp-sourcestream@
33 error 404 404 Not Found: gulp-sourcestream
33 error 404
33 error 404 'gulp-sourcestream' is not in the npm registry.
33 error 404 You should bug the author to publish it
33 error 404 It was specified as a dependency of 'enyo-dev'
33 error 404
33 error 404 Note that you can also install from a
33 error 404 tarball, folder, or http url, or git url.
34 error System Darwin 14.1.0
35 error command "/usr/local/node0.10.35/bin/node" "/usr/local/node/bin/npm" "install" "--save-dev" "gulp-sourcestream"
36 error cwd /Users/cole/Devel/lg/enyo-dev
37 error node -v v0.10.35
38 error npm -v 1.4.28
39 error code E404
40 verbose exit [ 1, true ]
